{"C:\\Users\\HP\\Documents\\DevHub\\web\\mern_apps\\Workout-Buddy\\backend\\controllers\\userController.js": {"path":"C:\\Users\\HP\\Documents\\DevHub\\web\\mern_apps\\Workout-Buddy\\backend\\controllers\\userController.js","statementMap":{"0":{"start":{"line":1,"column":13},"end":{"line":1,"column":44}},"1":{"start":{"line":2,"column":12},"end":{"line":2,"column":35}},"2":{"start":{"line":4,"column":20},"end":{"line":6,"column":1}},"3":{"start":{"line":5,"column":2},"end":{"line":5,"column":68}},"4":{"start":{"line":8,"column":21},"end":{"line":8,"column":58}},"5":{"start":{"line":11,"column":18},"end":{"line":30,"column":1}},"6":{"start":{"line":12,"column":30},"end":{"line":12,"column":38}},"7":{"start":{"line":13,"column":2},"end":{"line":29,"column":3}},"8":{"start":{"line":14,"column":17},"end":{"line":14,"column":50}},"9":{"start":{"line":15,"column":18},"end":{"line":15,"column":39}},"10":{"start":{"line":19,"column":4},"end":{"line":24,"column":7}},"11":{"start":{"line":26,"column":4},"end":{"line":26,"column":62}},"12":{"start":{"line":28,"column":4},"end":{"line":28,"column":51}},"13":{"start":{"line":33,"column":19},"end":{"line":52,"column":1}},"14":{"start":{"line":34,"column":30},"end":{"line":34,"column":38}},"15":{"start":{"line":35,"column":2},"end":{"line":51,"column":3}},"16":{"start":{"line":36,"column":17},"end":{"line":36,"column":51}},"17":{"start":{"line":38,"column":18},"end":{"line":38,"column":39}},"18":{"start":{"line":40,"column":4},"end":{"line":45,"column":7}},"19":{"start":{"line":48,"column":4},"end":{"line":48,"column":62}},"20":{"start":{"line":50,"column":4},"end":{"line":50,"column":51}},"21":{"start":{"line":54,"column":19},"end":{"line":63,"column":1}},"22":{"start":{"line":55,"column":2},"end":{"line":61,"column":5}},"23":{"start":{"line":62,"column":2},"end":{"line":62,"column":63}},"24":{"start":{"line":65,"column":18},"end":{"line":81,"column":1}},"25":{"start":{"line":66,"column":16},"end":{"line":66,"column":33}},"26":{"start":{"line":67,"column":2},"end":{"line":69,"column":3}},"27":{"start":{"line":68,"column":4},"end":{"line":68,"column":61}},"28":{"start":{"line":70,"column":2},"end":{"line":80,"column":3}},"29":{"start":{"line":71,"column":4},"end":{"line":77,"column":5}},"30":{"start":{"line":72,"column":22},"end":{"line":72,"column":59}},"31":{"start":{"line":73,"column":19},"end":{"line":73,"column":46}},"32":{"start":{"line":74,"column":6},"end":{"line":74,"column":50}},"33":{"start":{"line":76,"column":6},"end":{"line":76,"column":79}},"34":{"start":{"line":79,"column":4},"end":{"line":79,"column":65}},"35":{"start":{"line":83,"column":26},"end":{"line":100,"column":1}},"36":{"start":{"line":84,"column":2},"end":{"line":99,"column":3}},"37":{"start":{"line":85,"column":17},"end":{"line":85,"column":25}},"38":{"start":{"line":86,"column":18},"end":{"line":86,"column":39}},"39":{"start":{"line":88,"column":4},"end":{"line":94,"column":7}},"40":{"start":{"line":96,"column":4},"end":{"line":96,"column":80}},"41":{"start":{"line":98,"column":4},"end":{"line":98,"column":71}},"42":{"start":{"line":102,"column":23},"end":{"line":125,"column":1}},"43":{"start":{"line":103,"column":20},"end":{"line":103,"column":28}},"44":{"start":{"line":105,"column":2},"end":{"line":107,"column":3}},"45":{"start":{"line":106,"column":4},"end":{"line":106,"column":64}},"46":{"start":{"line":109,"column":2},"end":{"line":124,"column":3}},"47":{"start":{"line":111,"column":4},"end":{"line":111,"column":42}},"48":{"start":{"line":114,"column":4},"end":{"line":119,"column":7}},"49":{"start":{"line":121,"column":4},"end":{"line":121,"column":44}},"50":{"start":{"line":123,"column":4},"end":{"line":123,"column":53}},"51":{"start":{"line":127,"column":26},"end":{"line":132,"column":1}},"52":{"start":{"line":128,"column":23},"end":{"line":128,"column":65}},"53":{"start":{"line":129,"column":2},"end":{"line":131,"column":4}},"54":{"start":{"line":134,"column":0},"end":{"line":142,"column":2}}},"fnMap":{"0":{"name":"(anonymous_0)","decl":{"start":{"line":4,"column":20},"end":{"line":4,"column":21}},"loc":{"start":{"line":4,"column":29},"end":{"line":6,"column":1}},"line":4},"1":{"name":"(anonymous_1)","decl":{"start":{"line":11,"column":18},"end":{"line":11,"column":19}},"loc":{"start":{"line":11,"column":38},"end":{"line":30,"column":1}},"line":11},"2":{"name":"(anonymous_2)","decl":{"start":{"line":33,"column":19},"end":{"line":33,"column":20}},"loc":{"start":{"line":33,"column":39},"end":{"line":52,"column":1}},"line":33},"3":{"name":"(anonymous_3)","decl":{"start":{"line":54,"column":19},"end":{"line":54,"column":20}},"loc":{"start":{"line":54,"column":33},"end":{"line":63,"column":1}},"line":54},"4":{"name":"(anonymous_4)","decl":{"start":{"line":65,"column":18},"end":{"line":65,"column":19}},"loc":{"start":{"line":65,"column":38},"end":{"line":81,"column":1}},"line":65},"5":{"name":"(anonymous_5)","decl":{"start":{"line":83,"column":26},"end":{"line":83,"column":27}},"loc":{"start":{"line":83,"column":46},"end":{"line":100,"column":1}},"line":83},"6":{"name":"(anonymous_6)","decl":{"start":{"line":102,"column":23},"end":{"line":102,"column":24}},"loc":{"start":{"line":102,"column":43},"end":{"line":125,"column":1}},"line":102},"7":{"name":"(anonymous_7)","decl":{"start":{"line":127,"column":26},"end":{"line":127,"column":27}},"loc":{"start":{"line":127,"column":40},"end":{"line":132,"column":1}},"line":127}},"branchMap":{"0":{"loc":{"start":{"line":23,"column":16},"end":{"line":23,"column":48}},"type":"cond-expr","locations":[{"start":{"line":23,"column":31},"end":{"line":23,"column":37}},{"start":{"line":23,"column":40},"end":{"line":23,"column":48}}],"line":23},"1":{"loc":{"start":{"line":44,"column":16},"end":{"line":44,"column":48}},"type":"cond-expr","locations":[{"start":{"line":44,"column":31},"end":{"line":44,"column":37}},{"start":{"line":44,"column":40},"end":{"line":44,"column":48}}],"line":44},"2":{"loc":{"start":{"line":59,"column":14},"end":{"line":59,"column":46}},"type":"cond-expr","locations":[{"start":{"line":59,"column":29},"end":{"line":59,"column":35}},{"start":{"line":59,"column":38},"end":{"line":59,"column":46}}],"line":59},"3":{"loc":{"start":{"line":67,"column":2},"end":{"line":69,"column":3}},"type":"if","locations":[{"start":{"line":67,"column":2},"end":{"line":69,"column":3}},{"start":{},"end":{}}],"line":67},"4":{"loc":{"start":{"line":70,"column":2},"end":{"line":80,"column":3}},"type":"if","locations":[{"start":{"line":70,"column":2},"end":{"line":80,"column":3}},{"start":{"line":78,"column":9},"end":{"line":80,"column":3}}],"line":70},"5":{"loc":{"start":{"line":92,"column":16},"end":{"line":92,"column":48}},"type":"cond-expr","locations":[{"start":{"line":92,"column":31},"end":{"line":92,"column":37}},{"start":{"line":92,"column":40},"end":{"line":92,"column":48}}],"line":92},"6":{"loc":{"start":{"line":105,"column":2},"end":{"line":107,"column":3}},"type":"if","locations":[{"start":{"line":105,"column":2},"end":{"line":107,"column":3}},{"start":{},"end":{}}],"line":105},"7":{"loc":{"start":{"line":118,"column":16},"end":{"line":118,"column":48}},"type":"cond-expr","locations":[{"start":{"line":118,"column":31},"end":{"line":118,"column":37}},{"start":{"line":118,"column":40},"end":{"line":118,"column":48}}],"line":118},"8":{"loc":{"start":{"line":128,"column":23},"end":{"line":128,"column":65}},"type":"binary-expr","locations":[{"start":{"line":128,"column":23},"end":{"line":128,"column":38}},{"start":{"line":128,"column":42},"end":{"line":128,"column":65}}],"line":128}},"s":{"0":2,"1":2,"2":2,"3":21,"4":2,"5":2,"6":4,"7":4,"8":4,"9":1,"10":1,"11":1,"12":3,"13":2,"14":26,"15":26,"16":26,"17":20,"18":20,"19":20,"20":6,"21":2,"22":0,"23":0,"24":2,"25":3,"26":3,"27":1,"28":2,"29":2,"30":2,"31":1,"32":1,"33":1,"34":0,"35":2,"36":0,"37":0,"38":0,"39":0,"40":0,"41":0,"42":2,"43":0,"44":0,"45":0,"46":0,"47":0,"48":0,"49":0,"50":0,"51":2,"52":0,"53":0,"54":2},"f":{"0":21,"1":4,"2":26,"3":0,"4":3,"5":0,"6":0,"7":0},"b":{"0":[0,1],"1":[0,20],"2":[0,0],"3":[1,2],"4":[2,0],"5":[0,0],"6":[0,0],"7":[0,0],"8":[0,0]},"_coverageSchema":"1a1c01bbd47fc00a2c39e90264f33305004495a9","hash":"1a464e0cd6c16db193a4abc1184869ffbf3b1e78"}
,"C:\\Users\\HP\\Documents\\DevHub\\web\\mern_apps\\Workout-Buddy\\backend\\controllers\\workoutController.js": {"path":"C:\\Users\\HP\\Documents\\DevHub\\web\\mern_apps\\Workout-Buddy\\backend\\controllers\\workoutController.js","statementMap":{"0":{"start":{"line":1,"column":16},"end":{"line":1,"column":50}},"1":{"start":{"line":2,"column":17},"end":{"line":2,"column":36}},"2":{"start":{"line":4,"column":20},"end":{"line":12,"column":1}},"3":{"start":{"line":5,"column":18},"end":{"line":5,"column":30}},"4":{"start":{"line":6,"column":2},"end":{"line":11,"column":3}},"5":{"start":{"line":7,"column":21},"end":{"line":7,"column":76}},"6":{"start":{"line":8,"column":4},"end":{"line":8,"column":35}},"7":{"start":{"line":10,"column":4},"end":{"line":10,"column":64}},"8":{"start":{"line":14,"column":19},"end":{"line":30,"column":1}},"9":{"start":{"line":15,"column":17},"end":{"line":15,"column":27}},"10":{"start":{"line":17,"column":2},"end":{"line":19,"column":3}},"11":{"start":{"line":18,"column":4},"end":{"line":18,"column":57}},"12":{"start":{"line":21,"column":2},"end":{"line":29,"column":3}},"13":{"start":{"line":22,"column":20},"end":{"line":22,"column":46}},"14":{"start":{"line":23,"column":4},"end":{"line":25,"column":5}},"15":{"start":{"line":24,"column":6},"end":{"line":24,"column":66}},"16":{"start":{"line":26,"column":4},"end":{"line":26,"column":34}},"17":{"start":{"line":28,"column":4},"end":{"line":28,"column":63}},"18":{"start":{"line":32,"column":22},"end":{"line":58,"column":1}},"19":{"start":{"line":33,"column":32},"end":{"line":33,"column":40}},"20":{"start":{"line":34,"column":20},"end":{"line":34,"column":22}},"21":{"start":{"line":36,"column":2},"end":{"line":38,"column":3}},"22":{"start":{"line":37,"column":4},"end":{"line":37,"column":30}},"23":{"start":{"line":39,"column":2},"end":{"line":41,"column":3}},"24":{"start":{"line":40,"column":4},"end":{"line":40,"column":29}},"25":{"start":{"line":42,"column":2},"end":{"line":44,"column":3}},"26":{"start":{"line":43,"column":4},"end":{"line":43,"column":29}},"27":{"start":{"line":45,"column":2},"end":{"line":49,"column":3}},"28":{"start":{"line":46,"column":4},"end":{"line":48,"column":69}},"29":{"start":{"line":51,"column":2},"end":{"line":57,"column":3}},"30":{"start":{"line":52,"column":20},"end":{"line":52,"column":32}},"31":{"start":{"line":53,"column":20},"end":{"line":53,"column":72}},"32":{"start":{"line":54,"column":4},"end":{"line":54,"column":34}},"33":{"start":{"line":56,"column":4},"end":{"line":56,"column":51}},"34":{"start":{"line":60,"column":22},"end":{"line":78,"column":1}},"35":{"start":{"line":61,"column":17},"end":{"line":61,"column":27}},"36":{"start":{"line":63,"column":2},"end":{"line":65,"column":3}},"37":{"start":{"line":64,"column":4},"end":{"line":64,"column":57}},"38":{"start":{"line":67,"column":2},"end":{"line":77,"column":3}},"39":{"start":{"line":68,"column":20},"end":{"line":68,"column":63}},"40":{"start":{"line":70,"column":4},"end":{"line":72,"column":5}},"41":{"start":{"line":71,"column":6},"end":{"line":71,"column":65}},"42":{"start":{"line":74,"column":4},"end":{"line":74,"column":34}},"43":{"start":{"line":76,"column":4},"end":{"line":76,"column":64}},"44":{"start":{"line":80,"column":22},"end":{"line":118,"column":1}},"45":{"start":{"line":81,"column":17},"end":{"line":81,"column":27}},"46":{"start":{"line":83,"column":2},"end":{"line":85,"column":3}},"47":{"start":{"line":84,"column":4},"end":{"line":84,"column":57}},"48":{"start":{"line":87,"column":32},"end":{"line":87,"column":40}},"49":{"start":{"line":88,"column":20},"end":{"line":88,"column":22}},"50":{"start":{"line":90,"column":2},"end":{"line":92,"column":3}},"51":{"start":{"line":91,"column":4},"end":{"line":91,"column":30}},"52":{"start":{"line":93,"column":2},"end":{"line":95,"column":3}},"53":{"start":{"line":94,"column":4},"end":{"line":94,"column":29}},"54":{"start":{"line":96,"column":2},"end":{"line":98,"column":3}},"55":{"start":{"line":97,"column":4},"end":{"line":97,"column":29}},"56":{"start":{"line":99,"column":2},"end":{"line":103,"column":3}},"57":{"start":{"line":100,"column":4},"end":{"line":102,"column":69}},"58":{"start":{"line":105,"column":2},"end":{"line":117,"column":3}},"59":{"start":{"line":106,"column":20},"end":{"line":110,"column":5}},"60":{"start":{"line":111,"column":4},"end":{"line":113,"column":5}},"61":{"start":{"line":112,"column":6},"end":{"line":112,"column":65}},"62":{"start":{"line":114,"column":4},"end":{"line":114,"column":34}},"63":{"start":{"line":116,"column":4},"end":{"line":116,"column":64}},"64":{"start":{"line":120,"column":0},"end":{"line":126,"column":2}}},"fnMap":{"0":{"name":"(anonymous_0)","decl":{"start":{"line":4,"column":20},"end":{"line":4,"column":21}},"loc":{"start":{"line":4,"column":40},"end":{"line":12,"column":1}},"line":4},"1":{"name":"(anonymous_1)","decl":{"start":{"line":14,"column":19},"end":{"line":14,"column":20}},"loc":{"start":{"line":14,"column":39},"end":{"line":30,"column":1}},"line":14},"2":{"name":"(anonymous_2)","decl":{"start":{"line":32,"column":22},"end":{"line":32,"column":23}},"loc":{"start":{"line":32,"column":42},"end":{"line":58,"column":1}},"line":32},"3":{"name":"(anonymous_3)","decl":{"start":{"line":60,"column":22},"end":{"line":60,"column":23}},"loc":{"start":{"line":60,"column":42},"end":{"line":78,"column":1}},"line":60},"4":{"name":"(anonymous_4)","decl":{"start":{"line":80,"column":22},"end":{"line":80,"column":23}},"loc":{"start":{"line":80,"column":42},"end":{"line":118,"column":1}},"line":80}},"branchMap":{"0":{"loc":{"start":{"line":17,"column":2},"end":{"line":19,"column":3}},"type":"if","locations":[{"start":{"line":17,"column":2},"end":{"line":19,"column":3}},{"start":{},"end":{}}],"line":17},"1":{"loc":{"start":{"line":23,"column":4},"end":{"line":25,"column":5}},"type":"if","locations":[{"start":{"line":23,"column":4},"end":{"line":25,"column":5}},{"start":{},"end":{}}],"line":23},"2":{"loc":{"start":{"line":36,"column":2},"end":{"line":38,"column":3}},"type":"if","locations":[{"start":{"line":36,"column":2},"end":{"line":38,"column":3}},{"start":{},"end":{}}],"line":36},"3":{"loc":{"start":{"line":39,"column":2},"end":{"line":41,"column":3}},"type":"if","locations":[{"start":{"line":39,"column":2},"end":{"line":41,"column":3}},{"start":{},"end":{}}],"line":39},"4":{"loc":{"start":{"line":42,"column":2},"end":{"line":44,"column":3}},"type":"if","locations":[{"start":{"line":42,"column":2},"end":{"line":44,"column":3}},{"start":{},"end":{}}],"line":42},"5":{"loc":{"start":{"line":45,"column":2},"end":{"line":49,"column":3}},"type":"if","locations":[{"start":{"line":45,"column":2},"end":{"line":49,"column":3}},{"start":{},"end":{}}],"line":45},"6":{"loc":{"start":{"line":63,"column":2},"end":{"line":65,"column":3}},"type":"if","locations":[{"start":{"line":63,"column":2},"end":{"line":65,"column":3}},{"start":{},"end":{}}],"line":63},"7":{"loc":{"start":{"line":70,"column":4},"end":{"line":72,"column":5}},"type":"if","locations":[{"start":{"line":70,"column":4},"end":{"line":72,"column":5}},{"start":{},"end":{}}],"line":70},"8":{"loc":{"start":{"line":83,"column":2},"end":{"line":85,"column":3}},"type":"if","locations":[{"start":{"line":83,"column":2},"end":{"line":85,"column":3}},{"start":{},"end":{}}],"line":83},"9":{"loc":{"start":{"line":90,"column":2},"end":{"line":92,"column":3}},"type":"if","locations":[{"start":{"line":90,"column":2},"end":{"line":92,"column":3}},{"start":{},"end":{}}],"line":90},"10":{"loc":{"start":{"line":93,"column":2},"end":{"line":95,"column":3}},"type":"if","locations":[{"start":{"line":93,"column":2},"end":{"line":95,"column":3}},{"start":{},"end":{}}],"line":93},"11":{"loc":{"start":{"line":96,"column":2},"end":{"line":98,"column":3}},"type":"if","locations":[{"start":{"line":96,"column":2},"end":{"line":98,"column":3}},{"start":{},"end":{}}],"line":96},"12":{"loc":{"start":{"line":99,"column":2},"end":{"line":103,"column":3}},"type":"if","locations":[{"start":{"line":99,"column":2},"end":{"line":103,"column":3}},{"start":{},"end":{}}],"line":99},"13":{"loc":{"start":{"line":111,"column":4},"end":{"line":113,"column":5}},"type":"if","locations":[{"start":{"line":111,"column":4},"end":{"line":113,"column":5}},{"start":{},"end":{}}],"line":111}},"s":{"0":2,"1":2,"2":2,"3":2,"4":2,"5":2,"6":2,"7":0,"8":2,"9":3,"10":3,"11":1,"12":2,"13":2,"14":2,"15":1,"16":1,"17":0,"18":2,"19":8,"20":8,"21":8,"22":0,"23":8,"24":0,"25":8,"26":1,"27":8,"28":1,"29":7,"30":7,"31":7,"32":7,"33":0,"34":2,"35":2,"36":2,"37":1,"38":1,"39":1,"40":1,"41":0,"42":1,"43":0,"44":2,"45":4,"46":4,"47":1,"48":3,"49":3,"50":3,"51":0,"52":3,"53":1,"54":3,"55":1,"56":3,"57":1,"58":2,"59":2,"60":2,"61":1,"62":1,"63":0,"64":2},"f":{"0":2,"1":3,"2":8,"3":2,"4":4},"b":{"0":[1,2],"1":[1,1],"2":[0,8],"3":[0,8],"4":[1,7],"5":[1,7],"6":[1,1],"7":[0,1],"8":[1,3],"9":[0,3],"10":[1,2],"11":[1,2],"12":[1,2],"13":[1,1]},"_coverageSchema":"1a1c01bbd47fc00a2c39e90264f33305004495a9","hash":"ed7d79b0bae0cd9ec038c1bbd9bd9ed161d2869c"}
,"C:\\Users\\HP\\Documents\\DevHub\\web\\mern_apps\\Workout-Buddy\\backend\\middleware\\requireAuth.js": {"path":"C:\\Users\\HP\\Documents\\DevHub\\web\\mern_apps\\Workout-Buddy\\backend\\middleware\\requireAuth.js","statementMap":{"0":{"start":{"line":1,"column":12},"end":{"line":1,"column":35}},"1":{"start":{"line":2,"column":13},"end":{"line":2,"column":44}},"2":{"start":{"line":4,"column":20},"end":{"line":24,"column":1}},"3":{"start":{"line":5,"column":16},"end":{"line":5,"column":77}},"4":{"start":{"line":7,"column":2},"end":{"line":9,"column":3}},"5":{"start":{"line":8,"column":4},"end":{"line":8,"column":72}},"6":{"start":{"line":11,"column":2},"end":{"line":23,"column":3}},"7":{"start":{"line":12,"column":20},"end":{"line":12,"column":57}},"8":{"start":{"line":13,"column":4},"end":{"line":13,"column":57}},"9":{"start":{"line":14,"column":4},"end":{"line":14,"column":11}},"10":{"start":{"line":17,"column":4},"end":{"line":21,"column":5}},"11":{"start":{"line":18,"column":6},"end":{"line":20,"column":67}},"12":{"start":{"line":22,"column":4},"end":{"line":22,"column":77}},"13":{"start":{"line":26,"column":0},"end":{"line":26,"column":29}}},"fnMap":{"0":{"name":"(anonymous_0)","decl":{"start":{"line":4,"column":20},"end":{"line":4,"column":21}},"loc":{"start":{"line":4,"column":46},"end":{"line":24,"column":1}},"line":4}},"branchMap":{"0":{"loc":{"start":{"line":5,"column":16},"end":{"line":5,"column":77}},"type":"binary-expr","locations":[{"start":{"line":5,"column":16},"end":{"line":5,"column":33}},{"start":{"line":5,"column":37},"end":{"line":5,"column":77}}],"line":5},"1":{"loc":{"start":{"line":7,"column":2},"end":{"line":9,"column":3}},"type":"if","locations":[{"start":{"line":7,"column":2},"end":{"line":9,"column":3}},{"start":{},"end":{}}],"line":7},"2":{"loc":{"start":{"line":17,"column":4},"end":{"line":21,"column":5}},"type":"if","locations":[{"start":{"line":17,"column":4},"end":{"line":21,"column":5}},{"start":{},"end":{}}],"line":17}},"s":{"0":2,"1":2,"2":2,"3":19,"4":19,"5":0,"6":19,"7":19,"8":19,"9":19,"10":0,"11":0,"12":0,"13":2},"f":{"0":19},"b":{"0":[19,0],"1":[0,19],"2":[0,0]},"_coverageSchema":"1a1c01bbd47fc00a2c39e90264f33305004495a9","hash":"48362ce07f080b2c4869c2190f9f9b0acc3e3f04"}
,"C:\\Users\\HP\\Documents\\DevHub\\web\\mern_apps\\Workout-Buddy\\backend\\models\\userSchema.js": {"path":"C:\\Users\\HP\\Documents\\DevHub\\web\\mern_apps\\Workout-Buddy\\backend\\models\\userSchema.js","statementMap":{"0":{"start":{"line":1,"column":17},"end":{"line":1,"column":36}},"1":{"start":{"line":2,"column":15},"end":{"line":2,"column":30}},"2":{"start":{"line":3,"column":15},"end":{"line":3,"column":34}},"3":{"start":{"line":4,"column":18},"end":{"line":4,"column":38}},"4":{"start":{"line":6,"column":19},"end":{"line":40,"column":1}},"5":{"start":{"line":18,"column":8},"end":{"line":18,"column":30}},"6":{"start":{"line":43,"column":0},"end":{"line":65,"column":2}},"7":{"start":{"line":44,"column":2},"end":{"line":46,"column":3}},"8":{"start":{"line":45,"column":4},"end":{"line":45,"column":49}},"9":{"start":{"line":47,"column":2},"end":{"line":49,"column":3}},"10":{"start":{"line":48,"column":4},"end":{"line":48,"column":42}},"11":{"start":{"line":50,"column":2},"end":{"line":52,"column":3}},"12":{"start":{"line":51,"column":4},"end":{"line":51,"column":44}},"13":{"start":{"line":54,"column":16},"end":{"line":54,"column":45}},"14":{"start":{"line":55,"column":2},"end":{"line":57,"column":3}},"15":{"start":{"line":56,"column":4},"end":{"line":56,"column":44}},"16":{"start":{"line":59,"column":15},"end":{"line":59,"column":39}},"17":{"start":{"line":60,"column":15},"end":{"line":60,"column":48}},"18":{"start":{"line":62,"column":15},"end":{"line":62,"column":59}},"19":{"start":{"line":64,"column":2},"end":{"line":64,"column":14}},"20":{"start":{"line":67,"column":0},"end":{"line":94,"column":2}},"21":{"start":{"line":68,"column":2},"end":{"line":70,"column":3}},"22":{"start":{"line":69,"column":4},"end":{"line":69,"column":49}},"23":{"start":{"line":72,"column":15},"end":{"line":72,"column":44}},"24":{"start":{"line":73,"column":2},"end":{"line":75,"column":3}},"25":{"start":{"line":74,"column":4},"end":{"line":74,"column":39}},"26":{"start":{"line":77,"column":2},"end":{"line":81,"column":3}},"27":{"start":{"line":78,"column":4},"end":{"line":80,"column":6}},"28":{"start":{"line":83,"column":2},"end":{"line":85,"column":3}},"29":{"start":{"line":84,"column":4},"end":{"line":84,"column":49}},"30":{"start":{"line":87,"column":16},"end":{"line":87,"column":61}},"31":{"start":{"line":89,"column":2},"end":{"line":91,"column":3}},"32":{"start":{"line":90,"column":4},"end":{"line":90,"column":49}},"33":{"start":{"line":93,"column":2},"end":{"line":93,"column":14}},"34":{"start":{"line":96,"column":0},"end":{"line":139,"column":2}},"35":{"start":{"line":97,"column":2},"end":{"line":138,"column":3}},"36":{"start":{"line":99,"column":15},"end":{"line":99,"column":59}},"37":{"start":{"line":100,"column":4},"end":{"line":102,"column":5}},"38":{"start":{"line":101,"column":6},"end":{"line":101,"column":18}},"39":{"start":{"line":105,"column":18},"end":{"line":105,"column":44}},"40":{"start":{"line":106,"column":4},"end":{"line":108,"column":5}},"41":{"start":{"line":107,"column":6},"end":{"line":107,"column":53}},"42":{"start":{"line":110,"column":4},"end":{"line":110,"column":41}},"43":{"start":{"line":111,"column":4},"end":{"line":121,"column":5}},"44":{"start":{"line":113,"column":6},"end":{"line":113,"column":33}},"45":{"start":{"line":114,"column":6},"end":{"line":114,"column":35}},"46":{"start":{"line":115,"column":6},"end":{"line":115,"column":63}},"47":{"start":{"line":115,"column":31},"end":{"line":115,"column":63}},"48":{"start":{"line":116,"column":6},"end":{"line":117,"column":54}},"49":{"start":{"line":117,"column":8},"end":{"line":117,"column":54}},"50":{"start":{"line":119,"column":6},"end":{"line":119,"column":24}},"51":{"start":{"line":120,"column":6},"end":{"line":120,"column":18}},"52":{"start":{"line":123,"column":21},"end":{"line":127,"column":5}},"53":{"start":{"line":129,"column":4},"end":{"line":129,"column":65}},"54":{"start":{"line":129,"column":29},"end":{"line":129,"column":65}},"55":{"start":{"line":130,"column":4},"end":{"line":131,"column":56}},"56":{"start":{"line":131,"column":6},"end":{"line":131,"column":56}},"57":{"start":{"line":133,"column":4},"end":{"line":133,"column":39}},"58":{"start":{"line":134,"column":4},"end":{"line":134,"column":16}},"59":{"start":{"line":136,"column":24},"end":{"line":136,"column":115}},"60":{"start":{"line":137,"column":4},"end":{"line":137,"column":16}},"61":{"start":{"line":141,"column":0},"end":{"line":141,"column":52}},"62":{"start":{"line":148,"column":85},"end":{"line":148,"column":46521}},"63":{"start":{"line":148,"column":89},"end":{"line":148,"column":46493}},"64":{"start":{"line":148,"column":46503},"end":{"line":148,"column":46520}}},"fnMap":{"0":{"name":"(anonymous_0)","decl":{"start":{"line":17,"column":16},"end":{"line":17,"column":17}},"loc":{"start":{"line":17,"column":28},"end":{"line":19,"column":7}},"line":17},"1":{"name":"(anonymous_1)","decl":{"start":{"line":43,"column":28},"end":{"line":43,"column":29}},"loc":{"start":{"line":43,"column":61},"end":{"line":65,"column":1}},"line":43},"2":{"name":"(anonymous_2)","decl":{"start":{"line":67,"column":27},"end":{"line":67,"column":28}},"loc":{"start":{"line":67,"column":60},"end":{"line":94,"column":1}},"line":67},"3":{"name":"(anonymous_3)","decl":{"start":{"line":96,"column":44},"end":{"line":96,"column":45}},"loc":{"start":{"line":96,"column":69},"end":{"line":139,"column":1}},"line":96},"4":{"name":"oo_cm","decl":{"start":{"line":148,"column":77},"end":{"line":148,"column":82}},"loc":{"start":{"line":148,"column":84},"end":{"line":148,"column":46522}},"line":148}},"branchMap":{"0":{"loc":{"start":{"line":44,"column":2},"end":{"line":46,"column":3}},"type":"if","locations":[{"start":{"line":44,"column":2},"end":{"line":46,"column":3}},{"start":{},"end":{}}],"line":44},"1":{"loc":{"start":{"line":44,"column":6},"end":{"line":44,"column":25}},"type":"binary-expr","locations":[{"start":{"line":44,"column":6},"end":{"line":44,"column":12}},{"start":{"line":44,"column":16},"end":{"line":44,"column":25}}],"line":44},"2":{"loc":{"start":{"line":47,"column":2},"end":{"line":49,"column":3}},"type":"if","locations":[{"start":{"line":47,"column":2},"end":{"line":49,"column":3}},{"start":{},"end":{}}],"line":47},"3":{"loc":{"start":{"line":50,"column":2},"end":{"line":52,"column":3}},"type":"if","locations":[{"start":{"line":50,"column":2},"end":{"line":52,"column":3}},{"start":{},"end":{}}],"line":50},"4":{"loc":{"start":{"line":55,"column":2},"end":{"line":57,"column":3}},"type":"if","locations":[{"start":{"line":55,"column":2},"end":{"line":57,"column":3}},{"start":{},"end":{}}],"line":55},"5":{"loc":{"start":{"line":68,"column":2},"end":{"line":70,"column":3}},"type":"if","locations":[{"start":{"line":68,"column":2},"end":{"line":70,"column":3}},{"start":{},"end":{}}],"line":68},"6":{"loc":{"start":{"line":68,"column":6},"end":{"line":68,"column":25}},"type":"binary-expr","locations":[{"start":{"line":68,"column":6},"end":{"line":68,"column":12}},{"start":{"line":68,"column":16},"end":{"line":68,"column":25}}],"line":68},"7":{"loc":{"start":{"line":73,"column":2},"end":{"line":75,"column":3}},"type":"if","locations":[{"start":{"line":73,"column":2},"end":{"line":75,"column":3}},{"start":{},"end":{}}],"line":73},"8":{"loc":{"start":{"line":77,"column":2},"end":{"line":81,"column":3}},"type":"if","locations":[{"start":{"line":77,"column":2},"end":{"line":81,"column":3}},{"start":{},"end":{}}],"line":77},"9":{"loc":{"start":{"line":77,"column":6},"end":{"line":77,"column":54}},"type":"binary-expr","locations":[{"start":{"line":77,"column":6},"end":{"line":77,"column":36}},{"start":{"line":77,"column":40},"end":{"line":77,"column":54}}],"line":77},"10":{"loc":{"start":{"line":83,"column":2},"end":{"line":85,"column":3}},"type":"if","locations":[{"start":{"line":83,"column":2},"end":{"line":85,"column":3}},{"start":{},"end":{}}],"line":83},"11":{"loc":{"start":{"line":89,"column":2},"end":{"line":91,"column":3}},"type":"if","locations":[{"start":{"line":89,"column":2},"end":{"line":91,"column":3}},{"start":{},"end":{}}],"line":89},"12":{"loc":{"start":{"line":100,"column":4},"end":{"line":102,"column":5}},"type":"if","locations":[{"start":{"line":100,"column":4},"end":{"line":102,"column":5}},{"start":{},"end":{}}],"line":100},"13":{"loc":{"start":{"line":106,"column":4},"end":{"line":108,"column":5}},"type":"if","locations":[{"start":{"line":106,"column":4},"end":{"line":108,"column":5}},{"start":{},"end":{}}],"line":106},"14":{"loc":{"start":{"line":111,"column":4},"end":{"line":121,"column":5}},"type":"if","locations":[{"start":{"line":111,"column":4},"end":{"line":121,"column":5}},{"start":{},"end":{}}],"line":111},"15":{"loc":{"start":{"line":115,"column":6},"end":{"line":115,"column":63}},"type":"if","locations":[{"start":{"line":115,"column":6},"end":{"line":115,"column":63}},{"start":{},"end":{}}],"line":115},"16":{"loc":{"start":{"line":116,"column":6},"end":{"line":117,"column":54}},"type":"if","locations":[{"start":{"line":116,"column":6},"end":{"line":117,"column":54}},{"start":{},"end":{}}],"line":116},"17":{"loc":{"start":{"line":129,"column":4},"end":{"line":129,"column":65}},"type":"if","locations":[{"start":{"line":129,"column":4},"end":{"line":129,"column":65}},{"start":{},"end":{}}],"line":129},"18":{"loc":{"start":{"line":130,"column":4},"end":{"line":131,"column":56}},"type":"if","locations":[{"start":{"line":130,"column":4},"end":{"line":131,"column":56}},{"start":{},"end":{}}],"line":130},"19":{"loc":{"start":{"line":148,"column":96},"end":{"line":148,"column":46492}},"type":"binary-expr","locations":[{"start":{"line":148,"column":96},"end":{"line":148,"column":133}},{"start":{"line":148,"column":137},"end":{"line":148,"column":46492}}],"line":148}},"s":{"0":2,"1":2,"2":2,"3":2,"4":2,"5":20,"6":2,"7":26,"8":1,"9":25,"10":1,"11":22,"12":1,"13":21,"14":21,"15":1,"16":20,"17":20,"18":20,"19":20,"20":2,"21":4,"22":1,"23":3,"24":3,"25":1,"26":2,"27":0,"28":2,"29":0,"30":2,"31":2,"32":1,"33":1,"34":2,"35":0,"36":0,"37":0,"38":0,"39":0,"40":0,"41":0,"42":0,"43":0,"44":0,"45":0,"46":0,"47":0,"48":0,"49":0,"50":0,"51":0,"52":0,"53":0,"54":0,"55":0,"56":0,"57":0,"58":0,"59":0,"60":0,"61":2,"62":0,"63":0,"64":0},"f":{"0":20,"1":26,"2":4,"3":0,"4":0},"b":{"0":[1,25],"1":[26,26],"2":[1,22],"3":[1,21],"4":[1,20],"5":[1,3],"6":[4,4],"7":[1,2],"8":[0,2],"9":[2,0],"10":[0,2],"11":[1,1],"12":[0,0],"13":[0,0],"14":[0,0],"15":[0,0],"16":[0,0],"17":[0,0],"18":[0,0],"19":[0,0]},"_coverageSchema":"1a1c01bbd47fc00a2c39e90264f33305004495a9","hash":"70507076eadf08b1be5f814dcb45a12dc1c05b9d"}
,"C:\\Users\\HP\\Documents\\DevHub\\web\\mern_apps\\Workout-Buddy\\backend\\models\\workoutSchema.js": {"path":"C:\\Users\\HP\\Documents\\DevHub\\web\\mern_apps\\Workout-Buddy\\backend\\models\\workoutSchema.js","statementMap":{"0":{"start":{"line":1,"column":17},"end":{"line":1,"column":36}},"1":{"start":{"line":2,"column":15},"end":{"line":2,"column":30}},"2":{"start":{"line":4,"column":22},"end":{"line":24,"column":1}},"3":{"start":{"line":26,"column":0},"end":{"line":26,"column":59}}},"fnMap":{},"branchMap":{},"s":{"0":2,"1":2,"2":2,"3":2},"f":{},"b":{},"_coverageSchema":"1a1c01bbd47fc00a2c39e90264f33305004495a9","hash":"3f18419b74054acca1a9b1e03b3ce137c4d14680"}
,"C:\\Users\\HP\\Documents\\DevHub\\web\\mern_apps\\Workout-Buddy\\backend\\routes\\user.js": {"path":"C:\\Users\\HP\\Documents\\DevHub\\web\\mern_apps\\Workout-Buddy\\backend\\routes\\user.js","statementMap":{"0":{"start":{"line":1,"column":16},"end":{"line":1,"column":34}},"1":{"start":{"line":2,"column":17},"end":{"line":2,"column":46}},"2":{"start":{"line":13,"column":4},"end":{"line":13,"column":44}},"3":{"start":{"line":15,"column":15},"end":{"line":15,"column":31}},"4":{"start":{"line":18,"column":0},"end":{"line":18,"column":33}},"5":{"start":{"line":21,"column":0},"end":{"line":21,"column":35}},"6":{"start":{"line":24,"column":0},"end":{"line":24,"column":35}},"7":{"start":{"line":27,"column":0},"end":{"line":27,"column":37}},"8":{"start":{"line":30,"column":0},"end":{"line":36,"column":2}},"9":{"start":{"line":38,"column":0},"end":{"line":51,"column":2}},"10":{"start":{"line":45,"column":4},"end":{"line":47,"column":5}},"11":{"start":{"line":46,"column":7},"end":{"line":46,"column":80}},"12":{"start":{"line":48,"column":4},"end":{"line":48,"column":11}},"13":{"start":{"line":53,"column":0},"end":{"line":53,"column":49}},"14":{"start":{"line":56,"column":0},"end":{"line":56,"column":42}},"15":{"start":{"line":58,"column":0},"end":{"line":58,"column":24}}},"fnMap":{"0":{"name":"(anonymous_0)","decl":{"start":{"line":44,"column":2},"end":{"line":44,"column":3}},"loc":{"start":{"line":44,"column":22},"end":{"line":49,"column":3}},"line":44}},"branchMap":{"0":{"loc":{"start":{"line":45,"column":4},"end":{"line":47,"column":5}},"type":"if","locations":[{"start":{"line":45,"column":4},"end":{"line":47,"column":5}},{"start":{},"end":{}}],"line":45}},"s":{"0":2,"1":2,"2":2,"3":2,"4":2,"5":2,"6":2,"7":2,"8":2,"9":2,"10":0,"11":0,"12":0,"13":2,"14":2,"15":2},"f":{"0":0},"b":{"0":[0,0]},"_coverageSchema":"1a1c01bbd47fc00a2c39e90264f33305004495a9","hash":"63f2cb0af8cc0a4beb6ab391b68dd7088358f373"}
,"C:\\Users\\HP\\Documents\\DevHub\\web\\mern_apps\\Workout-Buddy\\backend\\routes\\workouts.js": {"path":"C:\\Users\\HP\\Documents\\DevHub\\web\\mern_apps\\Workout-Buddy\\backend\\routes\\workouts.js","statementMap":{"0":{"start":{"line":1,"column":16},"end":{"line":1,"column":34}},"1":{"start":{"line":8,"column":4},"end":{"line":8,"column":47}},"2":{"start":{"line":9,"column":20},"end":{"line":9,"column":56}},"3":{"start":{"line":11,"column":15},"end":{"line":11,"column":31}},"4":{"start":{"line":13,"column":0},"end":{"line":13,"column":23}},"5":{"start":{"line":16,"column":0},"end":{"line":16,"column":29}},"6":{"start":{"line":19,"column":0},"end":{"line":19,"column":31}},"7":{"start":{"line":22,"column":0},"end":{"line":22,"column":32}},"8":{"start":{"line":25,"column":0},"end":{"line":25,"column":37}},"9":{"start":{"line":28,"column":0},"end":{"line":28,"column":36}},"10":{"start":{"line":30,"column":0},"end":{"line":30,"column":24}}},"fnMap":{},"branchMap":{},"s":{"0":2,"1":2,"2":2,"3":2,"4":2,"5":2,"6":2,"7":2,"8":2,"9":2,"10":2},"f":{},"b":{},"_coverageSchema":"1a1c01bbd47fc00a2c39e90264f33305004495a9","hash":"5d8e6bbac9a397ec0ac450792d773bbd9a22a669"}
}
