TN:
SF:controllers\userController.js
FN:4,(anonymous_0)
FN:11,(anonymous_1)
FN:33,(anonymous_2)
FN:54,(anonymous_3)
FN:65,(anonymous_4)
FN:83,(anonymous_5)
FN:102,(anonymous_6)
FN:127,(anonymous_7)
FNF:8
FNH:4
FNDA:21,(anonymous_0)
FNDA:4,(anonymous_1)
FNDA:26,(anonymous_2)
FNDA:0,(anonymous_3)
FNDA:3,(anonymous_4)
FNDA:0,(anonymous_5)
FNDA:0,(anonymous_6)
FNDA:0,(anonymous_7)
DA:1,2
DA:2,2
DA:4,2
DA:5,21
DA:8,2
DA:11,2
DA:12,4
DA:13,4
DA:14,4
DA:15,1
DA:19,1
DA:26,1
DA:28,3
DA:33,2
DA:34,26
DA:35,26
DA:36,26
DA:38,20
DA:40,20
DA:48,20
DA:50,6
DA:54,2
DA:55,0
DA:62,0
DA:65,2
DA:66,3
DA:67,3
DA:68,1
DA:70,2
DA:71,2
DA:72,2
DA:73,1
DA:74,1
DA:76,1
DA:79,0
DA:83,2
DA:84,0
DA:85,0
DA:86,0
DA:88,0
DA:96,0
DA:98,0
DA:102,2
DA:103,0
DA:105,0
DA:106,0
DA:109,0
DA:111,0
DA:114,0
DA:121,0
DA:123,0
DA:127,2
DA:128,0
DA:129,0
DA:134,2
LF:55
LH:36
BRDA:23,0,0,0
BRDA:23,0,1,1
BRDA:44,1,0,0
BRDA:44,1,1,20
BRDA:59,2,0,0
BRDA:59,2,1,0
BRDA:67,3,0,1
BRDA:67,3,1,2
BRDA:70,4,0,2
BRDA:70,4,1,0
BRDA:92,5,0,0
BRDA:92,5,1,0
BRDA:105,6,0,0
BRDA:105,6,1,0
BRDA:118,7,0,0
BRDA:118,7,1,0
BRDA:128,8,0,0
BRDA:128,8,1,0
BRF:18
BRH:5
end_of_record
TN:
SF:controllers\workoutController.js
FN:4,(anonymous_0)
FN:14,(anonymous_1)
FN:32,(anonymous_2)
FN:60,(anonymous_3)
FN:80,(anonymous_4)
FNF:5
FNH:5
FNDA:2,(anonymous_0)
FNDA:3,(anonymous_1)
FNDA:8,(anonymous_2)
FNDA:2,(anonymous_3)
FNDA:4,(anonymous_4)
DA:1,2
DA:2,2
DA:4,2
DA:5,2
DA:6,2
DA:7,2
DA:8,2
DA:10,0
DA:14,2
DA:15,3
DA:17,3
DA:18,1
DA:21,2
DA:22,2
DA:23,2
DA:24,1
DA:26,1
DA:28,0
DA:32,2
DA:33,8
DA:34,8
DA:36,8
DA:37,0
DA:39,8
DA:40,0
DA:42,8
DA:43,1
DA:45,8
DA:46,1
DA:51,7
DA:52,7
DA:53,7
DA:54,7
DA:56,0
DA:60,2
DA:61,2
DA:63,2
DA:64,1
DA:67,1
DA:68,1
DA:70,1
DA:71,0
DA:74,1
DA:76,0
DA:80,2
DA:81,4
DA:83,4
DA:84,1
DA:87,3
DA:88,3
DA:90,3
DA:91,0
DA:93,3
DA:94,1
DA:96,3
DA:97,1
DA:99,3
DA:100,1
DA:105,2
DA:106,2
DA:111,2
DA:112,1
DA:114,1
DA:116,0
DA:120,2
LF:65
LH:56
BRDA:17,0,0,1
BRDA:17,0,1,2
BRDA:23,1,0,1
BRDA:23,1,1,1
BRDA:36,2,0,0
BRDA:36,2,1,8
BRDA:39,3,0,0
BRDA:39,3,1,8
BRDA:42,4,0,1
BRDA:42,4,1,7
BRDA:45,5,0,1
BRDA:45,5,1,7
BRDA:63,6,0,1
BRDA:63,6,1,1
BRDA:70,7,0,0
BRDA:70,7,1,1
BRDA:83,8,0,1
BRDA:83,8,1,3
BRDA:90,9,0,0
BRDA:90,9,1,3
BRDA:93,10,0,1
BRDA:93,10,1,2
BRDA:96,11,0,1
BRDA:96,11,1,2
BRDA:99,12,0,1
BRDA:99,12,1,2
BRDA:111,13,0,1
BRDA:111,13,1,1
BRF:28
BRH:24
end_of_record
TN:
SF:middleware\requireAuth.js
FN:4,(anonymous_0)
FNF:1
FNH:1
FNDA:19,(anonymous_0)
DA:1,2
DA:2,2
DA:4,2
DA:5,19
DA:7,19
DA:8,0
DA:11,19
DA:12,19
DA:13,19
DA:14,19
DA:17,0
DA:18,0
DA:22,0
DA:26,2
LF:14
LH:10
BRDA:5,0,0,19
BRDA:5,0,1,0
BRDA:7,1,0,0
BRDA:7,1,1,19
BRDA:17,2,0,0
BRDA:17,2,1,0
BRF:6
BRH:2
end_of_record
TN:
SF:models\userSchema.js
FN:17,(anonymous_0)
FN:43,(anonymous_1)
FN:67,(anonymous_2)
FN:96,(anonymous_3)
FN:148,oo_cm
FNF:5
FNH:3
FNDA:20,(anonymous_0)
FNDA:26,(anonymous_1)
FNDA:4,(anonymous_2)
FNDA:0,(anonymous_3)
FNDA:0,oo_cm
DA:1,2
DA:2,2
DA:3,2
DA:4,2
DA:6,2
DA:18,20
DA:43,2
DA:44,26
DA:45,1
DA:47,25
DA:48,1
DA:50,22
DA:51,1
DA:54,21
DA:55,21
DA:56,1
DA:59,20
DA:60,20
DA:62,20
DA:64,20
DA:67,2
DA:68,4
DA:69,1
DA:72,3
DA:73,3
DA:74,1
DA:77,2
DA:78,0
DA:83,2
DA:84,0
DA:87,2
DA:89,2
DA:90,1
DA:93,1
DA:96,2
DA:97,0
DA:99,0
DA:100,0
DA:101,0
DA:105,0
DA:106,0
DA:107,0
DA:110,0
DA:111,0
DA:113,0
DA:114,0
DA:115,0
DA:116,0
DA:117,0
DA:119,0
DA:120,0
DA:123,0
DA:129,0
DA:130,0
DA:131,0
DA:133,0
DA:134,0
DA:136,0
DA:137,0
DA:141,2
DA:148,0
LF:61
LH:34
BRDA:44,0,0,1
BRDA:44,0,1,25
BRDA:44,1,0,26
BRDA:44,1,1,26
BRDA:47,2,0,1
BRDA:47,2,1,22
BRDA:50,3,0,1
BRDA:50,3,1,21
BRDA:55,4,0,1
BRDA:55,4,1,20
BRDA:68,5,0,1
BRDA:68,5,1,3
BRDA:68,6,0,4
BRDA:68,6,1,4
BRDA:73,7,0,1
BRDA:73,7,1,2
BRDA:77,8,0,0
BRDA:77,8,1,2
BRDA:77,9,0,2
BRDA:77,9,1,0
BRDA:83,10,0,0
BRDA:83,10,1,2
BRDA:89,11,0,1
BRDA:89,11,1,1
BRDA:100,12,0,0
BRDA:100,12,1,0
BRDA:106,13,0,0
BRDA:106,13,1,0
BRDA:111,14,0,0
BRDA:111,14,1,0
BRDA:115,15,0,0
BRDA:115,15,1,0
BRDA:116,16,0,0
BRDA:116,16,1,0
BRDA:129,17,0,0
BRDA:129,17,1,0
BRDA:130,18,0,0
BRDA:130,18,1,0
BRDA:148,19,0,0
BRDA:148,19,1,0
BRF:40
BRH:21
end_of_record
TN:
SF:models\workoutSchema.js
FNF:0
FNH:0
DA:1,2
DA:2,2
DA:4,2
DA:26,2
LF:4
LH:4
BRF:0
BRH:0
end_of_record
TN:
SF:routes\user.js
FN:44,(anonymous_0)
FNF:1
FNH:0
FNDA:0,(anonymous_0)
DA:1,2
DA:2,2
DA:13,2
DA:15,2
DA:18,2
DA:21,2
DA:24,2
DA:27,2
DA:30,2
DA:38,2
DA:45,0
DA:46,0
DA:48,0
DA:53,2
DA:56,2
DA:58,2
LF:16
LH:13
BRDA:45,0,0,0
BRDA:45,0,1,0
BRF:2
BRH:0
end_of_record
TN:
SF:routes\workouts.js
FNF:0
FNH:0
DA:1,2
DA:8,2
DA:9,2
DA:11,2
DA:13,2
DA:16,2
DA:19,2
DA:22,2
DA:25,2
DA:28,2
DA:30,2
LF:11
LH:11
BRF:0
BRH:0
end_of_record
